<?xml version="1.0" encoding="UTF-8"?>
<testsuite xmlns:xsi="http://www.w3.org/2001/XMLSchema-instance" xsi:noNamespaceSchemaLocation="https://maven.apache.org/surefire/maven-surefire-plugin/xsd/surefire-test-report-3.0.xsd" version="3.0" name="ec.edu.espe.basicoperations.controller.BasicOperationTest" time="0.109" tests="3" errors="0" skipped="0" failures="0">
  <properties>
[...]
</properties>
  <testcase name="testAddTwoNumbersIntegers" classname="ec.edu.espe.basicoperations.controller.BasicOperationTest" time="0.068">
    <system-out><![CDATA[addTwoNumbers
]]></system-out>
  </testcase>
  <testcase name="testAddTwoNumbersNegative" classname="ec.edu.espe.basicoperations.controller.BasicOperationTest" time="0.003">
    <system-out><![CDATA[addTwoNumbers
]]></system-out>
  </testcase>
  <testcase name="testAddTwoNumbers" classname="ec.edu.espe.basicoperations.controller.BasicOperationTest" time="0.002">
    <system-out><![CDATA[addTwoNumbers
]]></system-out>
  </testcase>
</testsuite>