-------------------------------------------------------------------------------
Test set: ec.edu.espe.queez20242507.controller.PositionFormula1IT
-------------------------------------------------------------------------------
Tests run: 1, Failures: 1, Errors: 0, Skipped: 0, Time elapsed: 0.076 s <<< FAILURE! -- in ec.edu.espe.queez20242507.controller.PositionFormula1IT
ec.edu.espe.queez20242507.controller.PositionFormula1IT.testCalculatePosition -- Time elapsed: 0.034 s <<< FAILURE!
org.opentest4j.AssertionFailedError: expected: <20.4> but was: <21.4>
	at org.junit.jupiter.api.AssertionFailureBuilder.build(AssertionFailureBuilder.java:151)
	at org.junit.jupiter.api.AssertionFailureBuilder.buildAndThrow(AssertionFailureBuilder.java:132)
	at org.junit.jupiter.api.AssertEquals.failNotEqual(AssertEquals.java:197)
	at org.junit.jupiter.api.AssertEquals.assertEquals(AssertEquals.java:118)
	at org.junit.jupiter.api.AssertEquals.assertEquals(AssertEquals.java:113)
	at org.junit.jupiter.api.Assertions.assertEquals(Assertions.java:860)
	at ec.edu.espe.queez20242507.controller.PositionFormula1IT.testCalculatePosition(PositionFormula1IT.java:32)
	at java.base/java.lang.reflect.Method.invoke(Method.java:580)
	at java.base/java.util.ArrayList.forEach(ArrayList.java:1597)
	at java.base/java.util.ArrayList.forEach(ArrayList.java:1597)

