<?xml version="1.0" encoding="UTF-8"?>
<testsuite xmlns:xsi="http://www.w3.org/2001/XMLSchema-instance" xsi:noNamespaceSchemaLocation="https://maven.apache.org/surefire/maven-surefire-plugin/xsd/surefire-test-report-3.0.xsd" version="3.0" name="ec.edu.espe.queez20242507.controller.PositionFormula1Test" time="0.103" tests="5" errors="0" skipped="0" failures="3">
  <properties>
[...]
</properties>
  <testcase name="testCalculatePosition2" classname="ec.edu.espe.queez20242507.controller.PositionFormula1Test" time="0.046"/>
  <testcase name="testCalculatePosition3" classname="ec.edu.espe.queez20242507.controller.PositionFormula1Test" time="0.001"/>
  <testcase name="testCalculatePosition4" classname="ec.edu.espe.queez20242507.controller.PositionFormula1Test" time="0.01">
    <failure message="expected: &lt;7.0&gt; but was: &lt;-22.0&gt;" type="org.opentest4j.AssertionFailedError"><![CDATA[org.opentest4j.AssertionFailedError: expected: <7.0> but was: <-22.0>
	at org.junit.jupiter.api.AssertionFailureBuilder.build(AssertionFailureBuilder.java:151)
	at org.junit.jupiter.api.AssertionFailureBuilder.buildAndThrow(AssertionFailureBuilder.java:132)
	at org.junit.jupiter.api.AssertEquals.failNotEqual(AssertEquals.java:197)
	at org.junit.jupiter.api.AssertEquals.assertEquals(AssertEquals.java:118)
	at org.junit.jupiter.api.AssertEquals.assertEquals(AssertEquals.java:113)
	at org.junit.jupiter.api.Assertions.assertEquals(Assertions.java:860)
	at ec.edu.espe.queez20242507.controller.PositionFormula1Test.testCalculatePosition4(PositionFormula1Test.java:44)
	at java.base/java.lang.reflect.Method.invoke(Method.java:580)
	at java.base/java.util.ArrayList.forEach(ArrayList.java:1597)
	at java.base/java.util.ArrayList.forEach(ArrayList.java:1597)
]]></failure>
  </testcase>
  <testcase name="testCalculatePosition5" classname="ec.edu.espe.queez20242507.controller.PositionFormula1Test" time="0.003">
    <failure message="expected: &lt;7.0&gt; but was: &lt;5.0&gt;" type="org.opentest4j.AssertionFailedError"><![CDATA[org.opentest4j.AssertionFailedError: expected: <7.0> but was: <5.0>
	at org.junit.jupiter.api.AssertionFailureBuilder.build(AssertionFailureBuilder.java:151)
	at org.junit.jupiter.api.AssertionFailureBuilder.buildAndThrow(AssertionFailureBuilder.java:132)
	at org.junit.jupiter.api.AssertEquals.failNotEqual(AssertEquals.java:197)
	at org.junit.jupiter.api.AssertEquals.assertEquals(AssertEquals.java:118)
	at org.junit.jupiter.api.AssertEquals.assertEquals(AssertEquals.java:113)
	at org.junit.jupiter.api.Assertions.assertEquals(Assertions.java:860)
	at ec.edu.espe.queez20242507.controller.PositionFormula1Test.testCalculatePosition5(PositionFormula1Test.java:53)
	at java.base/java.lang.reflect.Method.invoke(Method.java:580)
	at java.base/java.util.ArrayList.forEach(ArrayList.java:1597)
	at java.base/java.util.ArrayList.forEach(ArrayList.java:1597)
]]></failure>
  </testcase>
  <testcase name="testCalculatePosition" classname="ec.edu.espe.queez20242507.controller.PositionFormula1Test" time="0.002">
    <failure message="expected: &lt;0.0&gt; but was: &lt;-19.0&gt;" type="org.opentest4j.AssertionFailedError"><![CDATA[org.opentest4j.AssertionFailedError: expected: <0.0> but was: <-19.0>
	at org.junit.jupiter.api.AssertionFailureBuilder.build(AssertionFailureBuilder.java:151)
	at org.junit.jupiter.api.AssertionFailureBuilder.buildAndThrow(AssertionFailureBuilder.java:132)
	at org.junit.jupiter.api.AssertEquals.failNotEqual(AssertEquals.java:197)
	at org.junit.jupiter.api.AssertEquals.assertEquals(AssertEquals.java:118)
	at org.junit.jupiter.api.AssertEquals.assertEquals(AssertEquals.java:113)
	at org.junit.jupiter.api.Assertions.assertEquals(Assertions.java:860)
	at ec.edu.espe.queez20242507.controller.PositionFormula1Test.testCalculatePosition(PositionFormula1Test.java:20)
	at java.base/java.lang.reflect.Method.invoke(Method.java:580)
	at java.base/java.util.ArrayList.forEach(ArrayList.java:1597)
	at java.base/java.util.ArrayList.forEach(ArrayList.java:1597)
]]></failure>
  </testcase>
</testsuite>